Arguments: 
  /Users/as082003/.nvm/versions/node/v14.16.0/bin/node /usr/local/Cellar/yarn/1.22.10/libexec/bin/yarn.js

PATH: 
  /Users/as082003/.rvm/gems/ruby-2.7.2/bin:/Users/as082003/.rvm/gems/ruby-2.7.2@global/bin:/Users/as082003/.rvm/rubies/ruby-2.7.2/bin:/usr/local/sbin:/Users/as082003/.nvm/versions/node/v14.16.0/bin:/usr/local/bin:/usr/bin:/bin:/usr/sbin:/sbin:/Applications/Vbrick/nodejs/bin:/Users/as082003/.rvm/bin:/Users/as082003/.yarn/bin

Yarn version: 
  1.22.10

Node version: 
  14.16.0

Platform: 
  darwin x64

Trace: 
  Error: ENOTEMPTY: directory not empty, rmdir '/Users/as082003/Library/Caches/Yarn/v6/npm-@material-ui-icons-4.11.2-b3a7353266519cd743b6461ae9fdfcb1b25eb4c5-integrity/node_modules/@material-ui/icons'

npm manifest: 
  {
    "name": "auth",
    "version": "1.0.0",
    "scripts": {
      "test": "echo \"Error: no test specified\" && exit 1"
    },
    "dependencies": {
      "@material-ui/core": "^4.11.0",
      "@material-ui/icons": "^4.9.1",
      "react": "^17.0.1",
      "react-dom": "^17.0.1",
      "react-router-dom": "^5.2.0"
    },
    "devDependencies": {
      "@babel/core": "^7.12.3",
      "@babel/plugin-transform-runtime": "^7.12.1",
      "@babel/preset-env": "^7.12.1",
      "@babel/preset-react": "^7.12.1",
      "babel-loader": "^8.1.0",
      "clean-webpack-plugin": "^3.0.0",
      "css-loader": "^5.0.0",
      "html-webpack-plugin": "^4.5.0",
      "style-loader": "^2.0.0",
      "webpack": "^5.4.0",
      "webpack-cli": "^4.1.0",
      "webpack-dev-server": "^3.11.0",
      "webpack-merge": "^5.2.0"
    }
  }

yarn manifest: 
  No manifest

Lockfile: 
  No lockfile
